<?xml version="1.0" encoding="UTF-8"?>
<!-- Generated by org.testng.reporters.JUnitReportReporter -->
<testsuite hostname="DESKTOP-26Q4VR8" failures="0" tests="1" name="com.wingify.tests.HomePageTest" time="5.744" errors="0" timestamp="2024-05-25T19:03:42 IST" skipped="0">
  <testcase classname="com.wingify.tests.HomePageTest" name="testAmountSorting" time="5.744"/>
  <system-out/>
</testsuite> <!-- com.wingify.tests.HomePageTest -->
